[0204/221514.910:ERROR:process_memory_win.cc(73)] ReadMemory at 0x7ff6dd3c0000 of 64 bytes failed: Only part of a ReadProcessMemory or WriteProcessMemory request was completed. (0x12B)
[0204/221515.676:WARNING:pe_image_reader.cc(340)] could not read dos header from C:\Program Files (x86)\BraveSoftware\Brave-Browser\Application\brave.exe
[0204/221515.676:ERROR:process_memory_win.cc(73)] ReadMemory at 0x7fff3a430000 of 64 bytes failed: Only part of a ReadProcessMemory or WriteProcessMemory request was completed. (0x12B)
[0204/221515.679:WARNING:pe_image_reader.cc(340)] could not read dos header from C:\Windows\SYSTEM32\ntdll.dll
[0204/221515.679:ERROR:process_memory_win.cc(73)] ReadMemory at 0x7fff39850000 of 64 bytes failed: Only part of a ReadProcessMemory or WriteProcessMemory request was completed. (0x12B)
[0204/221515.757:WARNING:pe_image_reader.cc(340)] could not read dos header from C:\Windows\System32\KERNEL32.DLL
[0204/221515.761:ERROR:process_memory_win.cc(73)] ReadMemory at 0x7fff365f0000 of 64 bytes failed: Only part of a ReadProcessMemory or WriteProcessMemory request was completed. (0x12B)
[0204/221515.761:WARNING:pe_image_reader.cc(340)] could not read dos header from C:\Windows\System32\KERNELBASE.dll
[0204/221515.761:ERROR:process_memory_win.cc(73)] ReadMemory at 0x7fff187d0000 of 64 bytes failed: Only part of a ReadProcessMemory or WriteProcessMemory request was completed. (0x12B)
[0204/221515.761:WARNING:pe_image_reader.cc(340)] could not read dos header from C:\Program Files (x86)\BraveSoftware\Brave-Browser\Application\79.1.2.43\chrome_elf.dll
[0204/221515.761:ERROR:process_memory_win.cc(73)] ReadMemory at 0x7fff2b5d0000 of 64 bytes failed: Only part of a ReadProcessMemory or WriteProcessMemory request was completed. (0x12B)
[0204/221515.761:WARNING:pe_image_reader.cc(340)] could not read dos header from C:\Windows\SYSTEM32\VERSION.dll
[0204/221515.761:ERROR:process_memory_win.cc(73)] ReadMemory at 0x1cbb71b0000 of 64 bytes failed: Only part of a ReadProcessMemory or WriteProcessMemory request was completed. (0x12B)
[0204/221515.761:WARNING:pe_image_reader.cc(340)] could not read dos header from C:\Windows\System32\msvcrt.dll
[0204/221515.761:ERROR:process_memory_win.cc(73)] ReadMemory at 0x7fff36570000 of 64 bytes failed: Only part of a ReadProcessMemory or WriteProcessMemory request was completed. (0x12B)
[0204/221515.762:WARNING:pe_image_reader.cc(340)] could not read dos header from C:\Windows\System32\bcryptPrimitives.dll
[0204/221515.762:ERROR:process_memory_win.cc(73)] ReadMemory at 0x7fff399b0000 of 64 bytes failed: Only part of a ReadProcessMemory or WriteProcessMemory request was completed. (0x12B)
[0204/221515.762:WARNING:pe_image_reader.cc(340)] could not read dos header from C:\Windows\System32\ADVAPI32.dll
[0204/221515.762:ERROR:process_memory_win.cc(73)] ReadMemory at 0x7fff37b00000 of 64 bytes failed: Only part of a ReadProcessMemory or WriteProcessMemory request was completed. (0x12B)
[0204/221515.762:WARNING:pe_image_reader.cc(340)] could not read dos header from C:\Windows\System32\sechost.dll
[0204/221515.762:ERROR:process_memory_win.cc(73)] ReadMemory at 0x7fff39720000 of 64 bytes failed: Only part of a ReadProcessMemory or WriteProcessMemory request was completed. (0x12B)
[0204/221515.762:WARNING:pe_image_reader.cc(340)] could not read dos header from C:\Windows\System32\RPCRT4.dll
[0204/221515.762:ERROR:process_memory_win.cc(73)] ReadMemory at 0x7ffecdb90000 of 64 bytes failed: Only part of a ReadProcessMemory or WriteProcessMemory request was completed. (0x12B)
[0204/221515.762:WARNING:pe_image_reader.cc(340)] could not read dos header from C:\Program Files (x86)\BraveSoftware\Brave-Browser\Application\79.1.2.43\chrome_child.dll
[0204/221515.762:ERROR:process_memory_win.cc(73)] ReadMemory at 0x7fff39f80000 of 64 bytes failed: Only part of a ReadProcessMemory or WriteProcessMemory request was completed. (0x12B)
[0204/221515.762:WARNING:pe_image_reader.cc(340)] could not read dos header from C:\Windows\System32\OLEAUT32.dll
[0204/221515.762:ERROR:process_memory_win.cc(73)] ReadMemory at 0x7fff374e0000 of 64 bytes failed: Only part of a ReadProcessMemory or WriteProcessMemory request was completed. (0x12B)
[0204/221515.762:WARNING:pe_image_reader.cc(340)] could not read dos header from C:\Windows\System32\msvcp_win.dll
[0204/221515.762:ERROR:process_memory_win.cc(73)] ReadMemory at 0x7fff368e0000 of 64 bytes failed: Only part of a ReadProcessMemory or WriteProcessMemory request was completed. (0x12B)
[0204/221515.762:WARNING:pe_image_reader.cc(340)] could not read dos header from C:\Windows\System32\ucrtbase.dll
[0204/221515.762:ERROR:process_memory_win.cc(73)] ReadMemory at 0x7fff377d0000 of 64 bytes failed: Only part of a ReadProcessMemory or WriteProcessMemory request was completed. (0x12B)
[0204/221515.762:WARNING:pe_image_reader.cc(340)] could not read dos header from C:\Windows\System32\combase.dll
[0204/221515.762:ERROR:process_memory_win.cc(73)] ReadMemory at 0x7fff396b0000 of 64 bytes failed: Only part of a ReadProcessMemory or WriteProcessMemory request was completed. (0x12B)
[0204/221515.762:WARNING:pe_image_reader.cc(340)] could not read dos header from C:\Windows\System32\WS2_32.dll
[0204/221515.762:ERROR:process_memory_win.cc(73)] ReadMemory at 0x7fff364f0000 of 64 bytes failed: Only part of a ReadProcessMemory or WriteProcessMemory request was completed. (0x12B)
[0204/221515.762:WARNING:pe_image_reader.cc(340)] could not read dos header from C:\Windows\System32\WINTRUST.dll
[0204/221515.762:ERROR:process_memory_win.cc(73)] ReadMemory at 0x7fff36470000 of 64 bytes failed: Only part of a ReadProcessMemory or WriteProcessMemory request was completed. (0x12B)
[0204/221515.762:WARNING:pe_image_reader.cc(340)] could not read dos header from C:\Windows\System32\MSASN1.dll
[0204/221515.762:ERROR:process_memory_win.cc(73)] ReadMemory at 0x7fff369e0000 of 64 bytes failed: Only part of a ReadProcessMemory or WriteProcessMemory request was completed. (0x12B)
[0204/221515.762:WARNING:pe_image_reader.cc(340)] could not read dos header from C:\Windows\System32\CRYPT32.dll
[0204/221515.762:ERROR:process_memory_win.cc(73)] ReadMemory at 0x7fff359b0000 of 64 bytes failed: Only part of a ReadProcessMemory or WriteProcessMemory request was completed. (0x12B)
[0204/221515.762:WARNING:pe_image_reader.cc(340)] could not read dos header from C:\Windows\SYSTEM32\IPHLPAPI.DLL
[0204/221515.762:ERROR:process_memory_win.cc(73)] ReadMemory at 0x7fff337b0000 of 64 bytes failed: Only part of a ReadProcessMemory or WriteProcessMemory request was completed. (0x12B)
[0204/221515.762:WARNING:pe_image_reader.cc(340)] could not read dos header from C:\Windows\SYSTEM32\WINMM.dll
[0204/221515.762:ERROR:process_memory_win.cc(73)] ReadMemory at 0x7fff36320000 of 64 bytes failed: Only part of a ReadProcessMemory or WriteProcessMemory request was completed. (0x12B)
[0204/221515.762:WARNING:pe_image_reader.cc(340)] could not read dos header from C:\Windows\SYSTEM32\USERENV.dll
[0204/221515.762:ERROR:process_memory_win.cc(73)] ReadMemory at 0x7fff36420000 of 64 bytes failed: Only part of a ReadProcessMemory or WriteProcessMemory request was completed. (0x12B)
[0204/221515.762:WARNING:pe_image_reader.cc(340)] could not read dos header from C:\Windows\System32\profapi.dll
[0204/221515.762:ERROR:process_memory_win.cc(73)] ReadMemory at 0x7fff27a80000 of 64 bytes failed: Only part of a ReadProcessMemory or WriteProcessMemory request was completed. (0x12B)
[0204/221515.762:WARNING:pe_image_reader.cc(340)] could not read dos header from C:\Windows\SYSTEM32\DWrite.dll
[0204/221515.762:ERROR:process_memory_win.cc(73)] ReadMemory at 0x7fff1ca10000 of 64 bytes failed: Only part of a ReadProcessMemory or WriteProcessMemory request was completed. (0x12B)
[0204/221515.762:WARNING:pe_image_reader.cc(340)] could not read dos header from C:\Windows\SYSTEM32\WINSPOOL.DRV
[0204/221515.762:ERROR:process_memory_win.cc(73)] ReadMemory at 0x7fff36450000 of 64 bytes failed: Only part of a ReadProcessMemory or WriteProcessMemory request was completed. (0x12B)
[0204/221515.762:WARNING:pe_image_reader.cc(340)] could not read dos header from C:\Windows\System32\kernel.appcore.dll
[0204/221515.762:ERROR:process_memory_win.cc(73)] ReadMemory at 0x7fff36d60000 of 64 bytes failed: Only part of a ReadProcessMemory or WriteProcessMemory request was completed. (0x12B)
[0204/221515.762:WARNING:pe_image_reader.cc(340)] could not read dos header from C:\Windows\System32\bcrypt.dll
[0204/221515.762:ERROR:process_memory_win.cc(73)] ReadMemory at 0x7fff34de0000 of 64 bytes failed: Only part of a ReadProcessMemory or WriteProcessMemory request was completed. (0x12B)
[0204/221515.762:WARNING:pe_image_reader.cc(340)] could not read dos header from C:\Windows\SYSTEM32\dbghelp.dll
[0204/221515.762:ERROR:process_memory_win.cc(73)] ReadMemory at 0x7fff21670000 of 64 bytes failed: Only part of a ReadProcessMemory or WriteProcessMemory request was completed. (0x12B)
[0204/221515.762:WARNING:pe_image_reader.cc(340)] could not read dos header from C:\Windows\SYSTEM32\Secur32.dll
[0204/221515.762:ERROR:process_memory_win.cc(73)] ReadMemory at 0x7fff29c70000 of 64 bytes failed: Only part of a ReadProcessMemory or WriteProcessMemory request was completed. (0x12B)
[0204/221515.762:WARNING:pe_image_reader.cc(340)] could not read dos header from C:\Windows\SYSTEM32\WINHTTP.dll
[0204/221515.766:ERROR:process_memory_win.cc(73)] ReadMemory at 0x7fff2b2b0000 of 64 bytes failed: Only part of a ReadProcessMemory or WriteProcessMemory request was completed. (0x12B)
[0204/221515.766:WARNING:pe_image_reader.cc(340)] could not read dos header from C:\Windows\SYSTEM32\dhcpcsvc.DLL
[0204/221515.766:ERROR:process_memory_win.cc(73)] ReadMemory at 0x7fff380f0000 of 64 bytes failed: Only part of a ReadProcessMemory or WriteProcessMemory request was completed. (0x12B)
[0204/221515.766:WARNING:pe_image_reader.cc(340)] could not read dos header from C:\Windows\System32\NSI.dll
[0204/221515.766:ERROR:process_memory_win.cc(73)] ReadMemory at 0x7fff33780000 of 64 bytes failed: Only part of a ReadProcessMemory or WriteProcessMemory request was completed. (0x12B)
[0204/221515.766:WARNING:pe_image_reader.cc(340)] could not read dos header from C:\Windows\SYSTEM32\WINMMBASE.dll
[0204/221515.766:ERROR:process_memory_win.cc(73)] ReadMemory at 0x7fff36890000 of 64 bytes failed: Only part of a ReadProcessMemory or WriteProcessMemory request was completed. (0x12B)
[0204/221515.766:WARNING:pe_image_reader.cc(340)] could not read dos header from C:\Windows\System32\cfgmgr32.dll
[0204/221515.766:ERROR:process_memory_win.cc(73)] ReadMemory at 0x7fff34820000 of 64 bytes failed: Only part of a ReadProcessMemory or WriteProcessMemory request was completed. (0x12B)
[0204/221515.766:WARNING:pe_image_reader.cc(340)] could not read dos header from C:\Windows\SYSTEM32\PROPSYS.dll
[0204/221515.766:ERROR:process_memory_win.cc(73)] ReadMemory at 0x7fff37d40000 of 64 bytes failed: Only part of a ReadProcessMemory or WriteProcessMemory request was completed. (0x12B)
[0204/221515.766:WARNING:pe_image_reader.cc(340)] could not read dos header from C:\Windows\System32\shcore.dll
[0204/221515.766:ERROR:process_memory_win.cc(73)] ReadMemory at 0x7fff36350000 of 64 bytes failed: Only part of a ReadProcessMemory or WriteProcessMemory request was completed. (0x12B)
[0204/221515.766:WARNING:pe_image_reader.cc(340)] could not read dos header from C:\Windows\SYSTEM32\SSPICLI.DLL
[0204/221515.766:ERROR:process_memory_win.cc(73)] ReadMemory at 0x7fff35e60000 of 64 bytes failed: Only part of a ReadProcessMemory or WriteProcessMemory request was completed. (0x12B)
[0204/221515.766:WARNING:pe_image_reader.cc(340)] could not read dos header from C:\Windows\SYSTEM32\CRYPTBASE.DLL
[0204/221515.766:ERROR:process_memory_win.cc(73)] ReadMemory at 0x7ff6dd3c0000 of 64 bytes failed: Only part of a ReadProcessMemory or WriteProcessMemory request was completed. (0x12B)
[0204/221515.766:WARNING:pe_image_reader.cc(340)] could not read dos header from C:\Program Files (x86)\BraveSoftware\Brave-Browser\Application\brave.exe
[0204/221515.766:ERROR:process_memory_win.cc(73)] ReadMemory at 0x7fff3a430000 of 64 bytes failed: Only part of a ReadProcessMemory or WriteProcessMemory request was completed. (0x12B)
[0204/221515.766:WARNING:pe_image_reader.cc(340)] could not read dos header from C:\Windows\SYSTEM32\ntdll.dll
[0204/221515.766:ERROR:process_memory_win.cc(73)] ReadMemory at 0x7fff39850000 of 64 bytes failed: Only part of a ReadProcessMemory or WriteProcessMemory request was completed. (0x12B)
[0204/221515.766:WARNING:pe_image_reader.cc(340)] could not read dos header from C:\Windows\System32\KERNEL32.DLL
[0204/221515.766:ERROR:process_memory_win.cc(73)] ReadMemory at 0x7fff365f0000 of 64 bytes failed: Only part of a ReadProcessMemory or WriteProcessMemory request was completed. (0x12B)
[0204/221515.766:WARNING:pe_image_reader.cc(340)] could not read dos header from C:\Windows\System32\KERNELBASE.dll
[0204/221515.766:ERROR:process_memory_win.cc(73)] ReadMemory at 0x7fff187d0000 of 64 bytes failed: Only part of a ReadProcessMemory or WriteProcessMemory request was completed. (0x12B)
[0204/221515.766:WARNING:pe_image_reader.cc(340)] could not read dos header from C:\Program Files (x86)\BraveSoftware\Brave-Browser\Application\79.1.2.43\chrome_elf.dll
[0204/221515.766:ERROR:process_memory_win.cc(73)] ReadMemory at 0x7fff2b5d0000 of 64 bytes failed: Only part of a ReadProcessMemory or WriteProcessMemory request was completed. (0x12B)
[0204/221515.766:WARNING:pe_image_reader.cc(340)] could not read dos header from C:\Windows\SYSTEM32\VERSION.dll
[0204/221515.766:ERROR:process_memory_win.cc(73)] ReadMemory at 0x1cbb71b0000 of 64 bytes failed: Only part of a ReadProcessMemory or WriteProcessMemory request was completed. (0x12B)
[0204/221515.766:WARNING:pe_image_reader.cc(340)] could not read dos header from C:\Windows\System32\msvcrt.dll
[0204/221515.766:ERROR:process_memory_win.cc(73)] ReadMemory at 0x7fff36570000 of 64 bytes failed: Only part of a ReadProcessMemory or WriteProcessMemory request was completed. (0x12B)
[0204/221515.766:WARNING:pe_image_reader.cc(340)] could not read dos header from C:\Windows\System32\bcryptPrimitives.dll
[0204/221515.766:ERROR:process_memory_win.cc(73)] ReadMemory at 0x7fff399b0000 of 64 bytes failed: Only part of a ReadProcessMemory or WriteProcessMemory request was completed. (0x12B)
[0204/221515.766:WARNING:pe_image_reader.cc(340)] could not read dos header from C:\Windows\System32\ADVAPI32.dll
[0204/221515.766:ERROR:process_memory_win.cc(73)] ReadMemory at 0x7fff37b00000 of 64 bytes failed: Only part of a ReadProcessMemory or WriteProcessMemory request was completed. (0x12B)
[0204/221515.766:WARNING:pe_image_reader.cc(340)] could not read dos header from C:\Windows\System32\sechost.dll
[0204/221515.766:ERROR:process_memory_win.cc(73)] ReadMemory at 0x7fff39720000 of 64 bytes failed: Only part of a ReadProcessMemory or WriteProcessMemory request was completed. (0x12B)
[0204/221515.766:WARNING:pe_image_reader.cc(340)] could not read dos header from C:\Windows\System32\RPCRT4.dll
[0204/221515.766:ERROR:process_memory_win.cc(73)] ReadMemory at 0x7ffecdb90000 of 64 bytes failed: Only part of a ReadProcessMemory or WriteProcessMemory request was completed. (0x12B)
[0204/221515.766:WARNING:pe_image_reader.cc(340)] could not read dos header from C:\Program Files (x86)\BraveSoftware\Brave-Browser\Application\79.1.2.43\chrome_child.dll
[0204/221515.766:ERROR:process_memory_win.cc(73)] ReadMemory at 0x7fff39f80000 of 64 bytes failed: Only part of a ReadProcessMemory or WriteProcessMemory request was completed. (0x12B)
[0204/221515.766:WARNING:pe_image_reader.cc(340)] could not read dos header from C:\Windows\System32\OLEAUT32.dll
[0204/221515.766:ERROR:process_memory_win.cc(73)] ReadMemory at 0x7fff374e0000 of 64 bytes failed: Only part of a ReadProcessMemory or WriteProcessMemory request was completed. (0x12B)
[0204/221515.766:WARNING:pe_image_reader.cc(340)] could not read dos header from C:\Windows\System32\msvcp_win.dll
[0204/221515.766:ERROR:process_memory_win.cc(73)] ReadMemory at 0x7fff368e0000 of 64 bytes failed: Only part of a ReadProcessMemory or WriteProcessMemory request was completed. (0x12B)
[0204/221515.766:WARNING:pe_image_reader.cc(340)] could not read dos header from C:\Windows\System32\ucrtbase.dll
[0204/221515.766:ERROR:process_memory_win.cc(73)] ReadMemory at 0x7fff377d0000 of 64 bytes failed: Only part of a ReadProcessMemory or WriteProcessMemory request was completed. (0x12B)
[0204/221515.766:WARNING:pe_image_reader.cc(340)] could not read dos header from C:\Windows\System32\combase.dll
[0204/221515.770:ERROR:process_memory_win.cc(73)] ReadMemory at 0x7fff396b0000 of 64 bytes failed: Only part of a ReadProcessMemory or WriteProcessMemory request was completed. (0x12B)
[0204/221515.770:WARNING:pe_image_reader.cc(340)] could not read dos header from C:\Windows\System32\WS2_32.dll
[0204/221515.770:ERROR:process_memory_win.cc(73)] ReadMemory at 0x7fff364f0000 of 64 bytes failed: Only part of a ReadProcessMemory or WriteProcessMemory request was completed. (0x12B)
[0204/221515.770:WARNING:pe_image_reader.cc(340)] could not read dos header from C:\Windows\System32\WINTRUST.dll
[0204/221515.770:ERROR:process_memory_win.cc(73)] ReadMemory at 0x7fff36470000 of 64 bytes failed: Only part of a ReadProcessMemory or WriteProcessMemory request was completed. (0x12B)
[0204/221515.770:WARNING:pe_image_reader.cc(340)] could not read dos header from C:\Windows\System32\MSASN1.dll
[0204/221515.770:ERROR:process_memory_win.cc(73)] ReadMemory at 0x7fff369e0000 of 64 bytes failed: Only part of a ReadProcessMemory or WriteProcessMemory request was completed. (0x12B)
[0204/221515.770:WARNING:pe_image_reader.cc(340)] could not read dos header from C:\Windows\System32\CRYPT32.dll
[0204/221515.770:ERROR:process_memory_win.cc(73)] ReadMemory at 0x7fff359b0000 of 64 bytes failed: Only part of a ReadProcessMemory or WriteProcessMemory request was completed. (0x12B)
[0204/221515.770:WARNING:pe_image_reader.cc(340)] could not read dos header from C:\Windows\SYSTEM32\IPHLPAPI.DLL
[0204/221515.770:ERROR:process_memory_win.cc(73)] ReadMemory at 0x7fff337b0000 of 64 bytes failed: Only part of a ReadProcessMemory or WriteProcessMemory request was completed. (0x12B)
[0204/221515.770:WARNING:pe_image_reader.cc(340)] could not read dos header from C:\Windows\SYSTEM32\WINMM.dll
[0204/221515.770:ERROR:process_memory_win.cc(73)] ReadMemory at 0x7fff36320000 of 64 bytes failed: Only part of a ReadProcessMemory or WriteProcessMemory request was completed. (0x12B)
[0204/221515.770:WARNING:pe_image_reader.cc(340)] could not read dos header from C:\Windows\SYSTEM32\USERENV.dll
[0204/221515.770:ERROR:process_memory_win.cc(73)] ReadMemory at 0x7fff36420000 of 64 bytes failed: Only part of a ReadProcessMemory or WriteProcessMemory request was completed. (0x12B)
[0204/221515.770:WARNING:pe_image_reader.cc(340)] could not read dos header from C:\Windows\System32\profapi.dll
[0204/221515.770:ERROR:process_memory_win.cc(73)] ReadMemory at 0x7fff27a80000 of 64 bytes failed: Only part of a ReadProcessMemory or WriteProcessMemory request was completed. (0x12B)
[0204/221515.770:WARNING:pe_image_reader.cc(340)] could not read dos header from C:\Windows\SYSTEM32\DWrite.dll
[0204/221515.770:ERROR:process_memory_win.cc(73)] ReadMemory at 0x7fff1ca10000 of 64 bytes failed: Only part of a ReadProcessMemory or WriteProcessMemory request was completed. (0x12B)
[0204/221515.770:WARNING:pe_image_reader.cc(340)] could not read dos header from C:\Windows\SYSTEM32\WINSPOOL.DRV
[0204/221515.770:ERROR:process_memory_win.cc(73)] ReadMemory at 0x7fff36450000 of 64 bytes failed: Only part of a ReadProcessMemory or WriteProcessMemory request was completed. (0x12B)
[0204/221515.770:WARNING:pe_image_reader.cc(340)] could not read dos header from C:\Windows\System32\kernel.appcore.dll
[0204/221515.770:ERROR:process_memory_win.cc(73)] ReadMemory at 0x7fff36d60000 of 64 bytes failed: Only part of a ReadProcessMemory or WriteProcessMemory request was completed. (0x12B)
[0204/221515.770:WARNING:pe_image_reader.cc(340)] could not read dos header from C:\Windows\System32\bcrypt.dll
[0204/221515.772:ERROR:process_memory_win.cc(73)] ReadMemory at 0x7fff34de0000 of 64 bytes failed: Only part of a ReadProcessMemory or WriteProcessMemory request was completed. (0x12B)
[0204/221515.772:WARNING:pe_image_reader.cc(340)] could not read dos header from C:\Windows\SYSTEM32\dbghelp.dll
[0204/221515.772:ERROR:process_memory_win.cc(73)] ReadMemory at 0x7fff21670000 of 64 bytes failed: Only part of a ReadProcessMemory or WriteProcessMemory request was completed. (0x12B)
[0204/221515.772:WARNING:pe_image_reader.cc(340)] could not read dos header from C:\Windows\SYSTEM32\Secur32.dll
[0204/221515.772:ERROR:process_memory_win.cc(73)] ReadMemory at 0x7fff29c70000 of 64 bytes failed: Only part of a ReadProcessMemory or WriteProcessMemory request was completed. (0x12B)
[0204/221515.772:WARNING:pe_image_reader.cc(340)] could not read dos header from C:\Windows\SYSTEM32\WINHTTP.dll
[0204/221515.772:ERROR:process_memory_win.cc(73)] ReadMemory at 0x7fff2b2b0000 of 64 bytes failed: Only part of a ReadProcessMemory or WriteProcessMemory request was completed. (0x12B)
[0204/221515.772:WARNING:pe_image_reader.cc(340)] could not read dos header from C:\Windows\SYSTEM32\dhcpcsvc.DLL
[0204/221515.772:ERROR:process_memory_win.cc(73)] ReadMemory at 0x7fff380f0000 of 64 bytes failed: Only part of a ReadProcessMemory or WriteProcessMemory request was completed. (0x12B)
[0204/221515.772:WARNING:pe_image_reader.cc(340)] could not read dos header from C:\Windows\System32\NSI.dll
[0204/221515.773:ERROR:process_memory_win.cc(73)] ReadMemory at 0x7fff33780000 of 64 bytes failed: Only part of a ReadProcessMemory or WriteProcessMemory request was completed. (0x12B)
[0204/221515.773:WARNING:pe_image_reader.cc(340)] could not read dos header from C:\Windows\SYSTEM32\WINMMBASE.dll
[0204/221515.773:ERROR:process_memory_win.cc(73)] ReadMemory at 0x7fff36890000 of 64 bytes failed: Only part of a ReadProcessMemory or WriteProcessMemory request was completed. (0x12B)
[0204/221515.773:WARNING:pe_image_reader.cc(340)] could not read dos header from C:\Windows\System32\cfgmgr32.dll
[0204/221515.773:ERROR:process_memory_win.cc(73)] ReadMemory at 0x7fff34820000 of 64 bytes failed: Only part of a ReadProcessMemory or WriteProcessMemory request was completed. (0x12B)
[0204/221515.773:WARNING:pe_image_reader.cc(340)] could not read dos header from C:\Windows\SYSTEM32\PROPSYS.dll
[0204/221515.773:ERROR:process_memory_win.cc(73)] ReadMemory at 0x7fff37d40000 of 64 bytes failed: Only part of a ReadProcessMemory or WriteProcessMemory request was completed. (0x12B)
[0204/221515.773:WARNING:pe_image_reader.cc(340)] could not read dos header from C:\Windows\System32\shcore.dll
[0204/221515.773:ERROR:process_memory_win.cc(73)] ReadMemory at 0x7fff36350000 of 64 bytes failed: Only part of a ReadProcessMemory or WriteProcessMemory request was completed. (0x12B)
[0204/221515.773:WARNING:pe_image_reader.cc(340)] could not read dos header from C:\Windows\SYSTEM32\SSPICLI.DLL
[0204/221515.773:ERROR:process_memory_win.cc(73)] ReadMemory at 0x7fff35e60000 of 64 bytes failed: Only part of a ReadProcessMemory or WriteProcessMemory request was completed. (0x12B)
[0204/221515.773:WARNING:pe_image_reader.cc(340)] could not read dos header from C:\Windows\SYSTEM32\CRYPTBASE.DLL
[0204/221516.160:ERROR:process_memory_win.cc(73)] ReadMemory at 0x95c31f4000 of 49152 bytes failed: Only part of a ReadProcessMemory or WriteProcessMemory request was completed. (0x12B)
[0204/221516.160:ERROR:process_memory_win.cc(73)] ReadMemory at 0x95c39fd000 of 12288 bytes failed: Only part of a ReadProcessMemory or WriteProcessMemory request was completed. (0x12B)
[0204/221516.160:ERROR:process_memory_win.cc(73)] ReadMemory at 0x95c41f6000 of 40960 bytes failed: Only part of a ReadProcessMemory or WriteProcessMemory request was completed. (0x12B)
[0204/221516.160:ERROR:process_memory_win.cc(73)] ReadMemory at 0x95c49fc000 of 16384 bytes failed: Only part of a ReadProcessMemory or WriteProcessMemory request was completed. (0x12B)
[0204/221516.160:ERROR:process_memory_win.cc(73)] ReadMemory at 0x95c51fb000 of 20480 bytes failed: Only part of a ReadProcessMemory or WriteProcessMemory request was completed. (0x12B)
[0204/221516.160:ERROR:process_memory_win.cc(73)] ReadMemory at 0x95c59fe000 of 8192 bytes failed: Only part of a ReadProcessMemory or WriteProcessMemory request was completed. (0x12B)
[0204/221516.160:ERROR:process_memory_win.cc(73)] ReadMemory at 0x95c61fd000 of 12288 bytes failed: Only part of a ReadProcessMemory or WriteProcessMemory request was completed. (0x12B)
[0204/221516.160:ERROR:process_memory_win.cc(73)] ReadMemory at 0x95c69fb000 of 20480 bytes failed: Only part of a ReadProcessMemory or WriteProcessMemory request was completed. (0x12B)
[0204/221516.164:ERROR:process_memory_win.cc(73)] ReadMemory at 0x95c71fd000 of 12288 bytes failed: Only part of a ReadProcessMemory or WriteProcessMemory request was completed. (0x12B)
[0204/221516.164:ERROR:process_memory_win.cc(73)] ReadMemory at 0x95c81fd000 of 12288 bytes failed: Only part of a ReadProcessMemory or WriteProcessMemory request was completed. (0x12B)
[0204/221516.164:ERROR:process_memory_win.cc(73)] ReadMemory at 0x95c89fd000 of 12288 bytes failed: Only part of a ReadProcessMemory or WriteProcessMemory request was completed. (0x12B)
[0204/221516.164:ERROR:process_memory_win.cc(73)] ReadMemory at 0x95c79fc000 of 16384 bytes failed: Only part of a ReadProcessMemory or WriteProcessMemory request was completed. (0x12B)
[0204/221516.164:ERROR:process_memory_win.cc(73)] ReadMemory at 0x95c91fd000 of 12288 bytes failed: Only part of a ReadProcessMemory or WriteProcessMemory request was completed. (0x12B)
[0204/221516.164:ERROR:process_memory_win.cc(73)] ReadMemory at 0x95c99fe000 of 8192 bytes failed: Only part of a ReadProcessMemory or WriteProcessMemory request was completed. (0x12B)
[0204/221516.164:ERROR:process_memory_win.cc(73)] ReadMemory at 0x95c28a2000 of 852 bytes failed: Only part of a ReadProcessMemory or WriteProcessMemory request was completed. (0x12B)
[0204/221516.164:ERROR:process_memory_win.cc(73)] ReadMemory at 0x95c28a3000 of 6024 bytes failed: Only part of a ReadProcessMemory or WriteProcessMemory request was completed. (0x12B)
[0204/221516.164:ERROR:process_memory_win.cc(73)] ReadMemory at 0x95c28a5000 of 6024 bytes failed: Only part of a ReadProcessMemory or WriteProcessMemory request was completed. (0x12B)
[0204/221516.164:ERROR:process_memory_win.cc(73)] ReadMemory at 0x95c28a7000 of 6024 bytes failed: Only part of a ReadProcessMemory or WriteProcessMemory request was completed. (0x12B)
[0204/221516.164:ERROR:process_memory_win.cc(73)] ReadMemory at 0x95c28a9000 of 6024 bytes failed: Only part of a ReadProcessMemory or WriteProcessMemory request was completed. (0x12B)
[0204/221516.164:ERROR:process_memory_win.cc(73)] ReadMemory at 0x95c28ab000 of 6024 bytes failed: Only part of a ReadProcessMemory or WriteProcessMemory request was completed. (0x12B)
[0204/221516.164:ERROR:process_memory_win.cc(73)] ReadMemory at 0x95c28ad000 of 6024 bytes failed: Only part of a ReadProcessMemory or WriteProcessMemory request was completed. (0x12B)
[0204/221516.164:ERROR:process_memory_win.cc(73)] ReadMemory at 0x95c28af000 of 6024 bytes failed: Only part of a ReadProcessMemory or WriteProcessMemory request was completed. (0x12B)
[0204/221516.164:ERROR:process_memory_win.cc(73)] ReadMemory at 0x95c28b1000 of 6024 bytes failed: Only part of a ReadProcessMemory or WriteProcessMemory request was completed. (0x12B)
[0204/221516.164:ERROR:process_memory_win.cc(73)] ReadMemory at 0x95c28b3000 of 6024 bytes failed: Only part of a ReadProcessMemory or WriteProcessMemory request was completed. (0x12B)
[0204/221516.164:ERROR:process_memory_win.cc(73)] ReadMemory at 0x95c28b7000 of 6024 bytes failed: Only part of a ReadProcessMemory or WriteProcessMemory request was completed. (0x12B)
[0204/221516.164:ERROR:process_memory_win.cc(73)] ReadMemory at 0x95c28b9000 of 6024 bytes failed: Only part of a ReadProcessMemory or WriteProcessMemory request was completed. (0x12B)
[0204/221516.164:ERROR:process_memory_win.cc(73)] ReadMemory at 0x95c28bb000 of 6024 bytes failed: Only part of a ReadProcessMemory or WriteProcessMemory request was completed. (0x12B)
[0204/221516.164:ERROR:process_memory_win.cc(73)] ReadMemory at 0x95c28bd000 of 6024 bytes failed: Only part of a ReadProcessMemory or WriteProcessMemory request was completed. (0x12B)
[0204/221516.164:ERROR:process_memory_win.cc(73)] ReadMemory at 0x95c28bf000 of 6024 bytes failed: Only part of a ReadProcessMemory or WriteProcessMemory request was completed. (0x12B)
[0204/221516.164:ERROR:process_memory_win.cc(73)] ReadMemory at 0x1cbb70b0fe0 of 15360 bytes failed: Only part of a ReadProcessMemory or WriteProcessMemory request was completed. (0x12B)
[0204/221516.168:ERROR:process_memory_win.cc(73)] ReadMemory at 0x1cbb70b4bf0 of 1012 bytes failed: Only part of a ReadProcessMemory or WriteProcessMemory request was completed. (0x12B)
[0204/221516.168:ERROR:process_memory_win.cc(73)] ReadMemory at 0x1cbb70b5218 of 144 bytes failed: Only part of a ReadProcessMemory or WriteProcessMemory request was completed. (0x12B)
[0204/221516.168:ERROR:process_memory_win.cc(73)] ReadMemory at 0x1cbb70b52aa of 1582 bytes failed: Only part of a ReadProcessMemory or WriteProcessMemory request was completed. (0x12B)
[0204/221516.168:ERROR:process_memory_win.cc(73)] ReadMemory at 0x1cbb70b58da of 144 bytes failed: Only part of a ReadProcessMemory or WriteProcessMemory request was completed. (0x12B)
[0204/221516.168:ERROR:process_memory_win.cc(73)] ReadMemory at 0x1cbb70b596c of 96 bytes failed: Only part of a ReadProcessMemory or WriteProcessMemory request was completed. (0x12B)
[0204/221516.168:ERROR:process_memory_win.cc(73)] ReadMemory at 0x1cbb70b59e0 of 58 bytes failed: Only part of a ReadProcessMemory or WriteProcessMemory request was completed. (0x12B)
[0204/221516.168:ERROR:process_memory_win.cc(73)] ReadMemory at 0x1cbb70b5ae0 of 132 bytes failed: Only part of a ReadProcessMemory or WriteProcessMemory request was completed. (0x12B)
[0204/221516.169:ERROR:process_memory_win.cc(73)] ReadMemory at 0x1cbb70b5c70 of 132 bytes failed: Only part of a ReadProcessMemory or WriteProcessMemory request was completed. (0x12B)
[0204/221516.169:ERROR:process_memory_win.cc(73)] ReadMemory at 0x1cbb70b5e30 of 146 bytes failed: Only part of a ReadProcessMemory or WriteProcessMemory request was completed. (0x12B)
[0204/221516.169:ERROR:process_memory_win.cc(73)] ReadMemory at 0x1cbb70b6210 of 132 bytes failed: Only part of a ReadProcessMemory or WriteProcessMemory request was completed. (0x12B)
[0204/221516.169:ERROR:process_memory_win.cc(73)] ReadMemory at 0x1cbb70b63a0 of 64 bytes failed: Only part of a ReadProcessMemory or WriteProcessMemory request was completed. (0x12B)
[0204/221516.169:ERROR:process_memory_win.cc(73)] ReadMemory at 0x1cbb70b63f0 of 132 bytes failed: Only part of a ReadProcessMemory or WriteProcessMemory request was completed. (0x12B)
[0204/221516.169:ERROR:process_memory_win.cc(73)] ReadMemory at 0x1cbb70b6570 of 132 bytes failed: Only part of a ReadProcessMemory or WriteProcessMemory request was completed. (0x12B)
[0204/221516.169:ERROR:process_memory_win.cc(73)] ReadMemory at 0x1cbb70b6800 of 132 bytes failed: Only part of a ReadProcessMemory or WriteProcessMemory request was completed. (0x12B)
[0204/221516.169:ERROR:process_memory_win.cc(73)] ReadMemory at 0x1cbb70b6990 of 68 bytes failed: Only part of a ReadProcessMemory or WriteProcessMemory request was completed. (0x12B)
[0204/221516.169:ERROR:process_memory_win.cc(73)] ReadMemory at 0x1cbb70b7ae0 of 132 bytes failed: Only part of a ReadProcessMemory or WriteProcessMemory request was completed. (0x12B)
[0204/221516.169:ERROR:process_memory_win.cc(73)] ReadMemory at 0x1cbb70b7c70 of 174 bytes failed: Only part of a ReadProcessMemory or WriteProcessMemory request was completed. (0x12B)
[0204/221516.169:ERROR:process_memory_win.cc(73)] ReadMemory at 0x1cbb70b87d0 of 132 bytes failed: Only part of a ReadProcessMemory or WriteProcessMemory request was completed. (0x12B)
[0204/221516.170:ERROR:process_memory_win.cc(73)] ReadMemory at 0x1cbb70b8ab0 of 62 bytes failed: Only part of a ReadProcessMemory or WriteProcessMemory request was completed. (0x12B)
[0204/221516.170:ERROR:process_memory_win.cc(73)] ReadMemory at 0x1cbb70b8c10 of 132 bytes failed: Only part of a ReadProcessMemory or WriteProcessMemory request was completed. (0x12B)
[0204/221516.170:ERROR:process_memory_win.cc(73)] ReadMemory at 0x1cbb70b8da0 of 60 bytes failed: Only part of a ReadProcessMemory or WriteProcessMemory request was completed. (0x12B)
[0204/221516.170:ERROR:process_memory_win.cc(73)] ReadMemory at 0x1cbb70bd520 of 132 bytes failed: Only part of a ReadProcessMemory or WriteProcessMemory request was completed. (0x12B)
[0204/221516.170:ERROR:process_memory_win.cc(73)] ReadMemory at 0x1cbb70bd6b0 of 80 bytes failed: Only part of a ReadProcessMemory or WriteProcessMemory request was completed. (0x12B)
[0204/221516.170:ERROR:process_memory_win.cc(73)] ReadMemory at 0x1cbb70bd930 of 132 bytes failed: Only part of a ReadProcessMemory or WriteProcessMemory request was completed. (0x12B)
[0204/221516.170:ERROR:process_memory_win.cc(73)] ReadMemory at 0x1cbb70be2b0 of 64 bytes failed: Only part of a ReadProcessMemory or WriteProcessMemory request was completed. (0x12B)
[0204/221516.170:ERROR:process_memory_win.cc(73)] ReadMemory at 0x1cbb70be300 of 64 bytes failed: Only part of a ReadProcessMemory or WriteProcessMemory request was completed. (0x12B)
[0204/221516.170:ERROR:process_memory_win.cc(73)] ReadMemory at 0x1cbb70be350 of 62 bytes failed: Only part of a ReadProcessMemory or WriteProcessMemory request was completed. (0x12B)
[0204/221516.170:ERROR:process_memory_win.cc(73)] ReadMemory at 0x1cbb70be3f0 of 66 bytes failed: Only part of a ReadProcessMemory or WriteProcessMemory request was completed. (0x12B)
[0204/221516.170:ERROR:process_memory_win.cc(73)] ReadMemory at 0x1cbb70be5d0 of 64 bytes failed: Only part of a ReadProcessMemory or WriteProcessMemory request was completed. (0x12B)
[0204/221516.170:ERROR:process_memory_win.cc(73)] ReadMemory at 0x1cbb70be620 of 62 bytes failed: Only part of a ReadProcessMemory or WriteProcessMemory request was completed. (0x12B)
[0204/221516.170:ERROR:process_memory_win.cc(73)] ReadMemory at 0x1cbb70be670 of 60 bytes failed: Only part of a ReadProcessMemory or WriteProcessMemory request was completed. (0x12B)
[0204/221516.170:ERROR:process_memory_win.cc(73)] ReadMemory at 0x1cbb70be6c0 of 60 bytes failed: Only part of a ReadProcessMemory or WriteProcessMemory request was completed. (0x12B)
[0204/221516.170:ERROR:process_memory_win.cc(73)] ReadMemory at 0x1cbb70be760 of 64 bytes failed: Only part of a ReadProcessMemory or WriteProcessMemory request was completed. (0x12B)
[0204/221516.170:ERROR:process_memory_win.cc(73)] ReadMemory at 0x1cbb70bede0 of 76 bytes failed: Only part of a ReadProcessMemory or WriteProcessMemory request was completed. (0x12B)
[0204/221516.170:ERROR:process_memory_win.cc(73)] ReadMemory at 0x1cbb70bf8f0 of 64 bytes failed: Only part of a ReadProcessMemory or WriteProcessMemory request was completed. (0x12B)
[0204/221516.170:ERROR:process_memory_win.cc(73)] ReadMemory at 0x1cbb70bf940 of 62 bytes failed: Only part of a ReadProcessMemory or WriteProcessMemory request was completed. (0x12B)
[0204/221516.170:ERROR:process_memory_win.cc(73)] ReadMemory at 0x1cbb70bf9e0 of 64 bytes failed: Only part of a ReadProcessMemory or WriteProcessMemory request was completed. (0x12B)
[0204/221516.170:ERROR:process_memory_win.cc(73)] ReadMemory at 0x1cbb70bfc10 of 62 bytes failed: Only part of a ReadProcessMemory or WriteProcessMemory request was completed. (0x12B)
[0204/221516.170:ERROR:process_memory_win.cc(73)] ReadMemory at 0x1cbb70bfcb0 of 60 bytes failed: Only part of a ReadProcessMemory or WriteProcessMemory request was completed. (0x12B)
[0204/221516.170:ERROR:process_memory_win.cc(73)] ReadMemory at 0x1cbb70bfd00 of 62 bytes failed: Only part of a ReadProcessMemory or WriteProcessMemory request was completed. (0x12B)
[0204/221516.170:ERROR:process_memory_win.cc(73)] ReadMemory at 0x1cbb70bfd50 of 60 bytes failed: Only part of a ReadProcessMemory or WriteProcessMemory request was completed. (0x12B)
[0204/221516.170:ERROR:process_memory_win.cc(73)] ReadMemory at 0x1cbb70bfdf0 of 62 bytes failed: Only part of a ReadProcessMemory or WriteProcessMemory request was completed. (0x12B)
[0204/221516.170:ERROR:process_memory_win.cc(73)] ReadMemory at 0x1cbb70c0020 of 60 bytes failed: Only part of a ReadProcessMemory or WriteProcessMemory request was completed. (0x12B)
[0204/221516.170:ERROR:process_memory_win.cc(73)] ReadMemory at 0x1cbb70c0070 of 64 bytes failed: Only part of a ReadProcessMemory or WriteProcessMemory request was completed. (0x12B)
[0204/221516.170:ERROR:process_memory_win.cc(73)] ReadMemory at 0x1cbb70c0250 of 62 bytes failed: Only part of a ReadProcessMemory or WriteProcessMemory request was completed. (0x12B)
[0204/221516.170:ERROR:process_memory_win.cc(73)] ReadMemory at 0x1cbb70c02a0 of 60 bytes failed: Only part of a ReadProcessMemory or WriteProcessMemory request was completed. (0x12B)
[0204/221516.170:ERROR:process_memory_win.cc(73)] ReadMemory at 0x1cbb70c0390 of 66 bytes failed: Only part of a ReadProcessMemory or WriteProcessMemory request was completed. (0x12B)
[0204/221516.170:ERROR:process_memory_win.cc(73)] ReadMemory at 0x1cbb70c03e0 of 62 bytes failed: Only part of a ReadProcessMemory or WriteProcessMemory request was completed. (0x12B)
[0204/221516.170:ERROR:process_memory_win.cc(73)] ReadMemory at 0x1cbb70c0480 of 62 bytes failed: Only part of a ReadProcessMemory or WriteProcessMemory request was completed. (0x12B)
[0204/221516.170:ERROR:process_memory_win.cc(73)] ReadMemory at 0x1cbb70c0570 of 58 bytes failed: Only part of a ReadProcessMemory or WriteProcessMemory request was completed. (0x12B)
[0204/221516.170:ERROR:process_memory_win.cc(73)] ReadMemory at 0x1cbb70c0610 of 62 bytes failed: Only part of a ReadProcessMemory or WriteProcessMemory request was completed. (0x12B)
[0204/221516.170:ERROR:process_memory_win.cc(73)] ReadMemory at 0x1cbb70c06b0 of 64 bytes failed: Only part of a ReadProcessMemory or WriteProcessMemory request was completed. (0x12B)
[0204/221516.170:ERROR:process_memory_win.cc(73)] ReadMemory at 0x1cbb70c1860 of 512 bytes failed: Only part of a ReadProcessMemory or WriteProcessMemory request was completed. (0x12B)
[0204/221516.170:ERROR:process_memory_win.cc(73)] ReadMemory at 0x1cbb70c2d20 of 132 bytes failed: Only part of a ReadProcessMemory or WriteProcessMemory request was completed. (0x12B)
[0204/221516.170:ERROR:process_memory_win.cc(73)] ReadMemory at 0x1cbb70c2e50 of 178 bytes failed: Only part of a ReadProcessMemory or WriteProcessMemory request was completed. (0x12B)
[0204/221516.170:ERROR:process_memory_win.cc(73)] ReadMemory at 0x1cbb70c39a0 of 54 bytes failed: Only part of a ReadProcessMemory or WriteProcessMemory request was completed. (0x12B)
[0204/221516.170:ERROR:process_memory_win.cc(73)] ReadMemory at 0x1cbb70c5830 of 132 bytes failed: Only part of a ReadProcessMemory or WriteProcessMemory request was completed. (0x12B)
[0204/221516.170:ERROR:process_memory_win.cc(73)] ReadMemory at 0x1cbb70c6020 of 132 bytes failed: Only part of a ReadProcessMemory or WriteProcessMemory request was completed. (0x12B)
[0204/221516.170:ERROR:process_memory_win.cc(73)] ReadMemory at 0x1cbb70c6150 of 132 bytes failed: Only part of a ReadProcessMemory or WriteProcessMemory request was completed. (0x12B)
[0204/221516.170:ERROR:process_memory_win.cc(73)] ReadMemory at 0x1cbb70c6280 of 132 bytes failed: Only part of a ReadProcessMemory or WriteProcessMemory request was completed. (0x12B)
[0204/221516.170:ERROR:process_memory_win.cc(73)] ReadMemory at 0x1cbb70c6550 of 132 bytes failed: Only part of a ReadProcessMemory or WriteProcessMemory request was completed. (0x12B)
[0204/221516.170:ERROR:process_memory_win.cc(73)] ReadMemory at 0x1cbb70c8520 of 512 bytes failed: Only part of a ReadProcessMemory or WriteProcessMemory request was completed. (0x12B)
[0204/221516.170:ERROR:process_memory_win.cc(73)] ReadMemory at 0x1cbb70ca6b0 of 132 bytes failed: Only part of a ReadProcessMemory or WriteProcessMemory request was completed. (0x12B)
[0204/221516.170:ERROR:process_memory_win.cc(73)] ReadMemory at 0x1cbb70ca7e0 of 132 bytes failed: Only part of a ReadProcessMemory or WriteProcessMemory request was completed. (0x12B)
[0204/221516.174:ERROR:process_memory_win.cc(73)] ReadMemory at 0x1cbb70ca910 of 132 bytes failed: Only part of a ReadProcessMemory or WriteProcessMemory request was completed. (0x12B)
[0204/221516.174:ERROR:process_memory_win.cc(73)] ReadMemory at 0x1cbb70caa40 of 132 bytes failed: Only part of a ReadProcessMemory or WriteProcessMemory request was completed. (0x12B)
[0204/221516.174:ERROR:process_memory_win.cc(73)] ReadMemory at 0x1cbb70cab70 of 132 bytes failed: Only part of a ReadProcessMemory or WriteProcessMemory request was completed. (0x12B)
[0204/221516.174:ERROR:process_memory_win.cc(73)] ReadMemory at 0x1cbb70caca0 of 132 bytes failed: Only part of a ReadProcessMemory or WriteProcessMemory request was completed. (0x12B)
[0204/221516.174:ERROR:process_memory_win.cc(73)] ReadMemory at 0x1cbb70cadd0 of 132 bytes failed: Only part of a ReadProcessMemory or WriteProcessMemory request was completed. (0x12B)
[0204/221516.174:ERROR:process_memory_win.cc(73)] ReadMemory at 0x1cbb70caf00 of 132 bytes failed: Only part of a ReadProcessMemory or WriteProcessMemory request was completed. (0x12B)
[0204/221516.174:ERROR:process_memory_win.cc(73)] ReadMemory at 0x1cbb70cb030 of 132 bytes failed: Only part of a ReadProcessMemory or WriteProcessMemory request was completed. (0x12B)
[0204/221516.174:ERROR:process_memory_win.cc(73)] ReadMemory at 0x1cbb70cb290 of 132 bytes failed: Only part of a ReadProcessMemory or WriteProcessMemory request was completed. (0x12B)
[0204/221516.174:ERROR:process_memory_win.cc(73)] ReadMemory at 0x1cbb70cb3c0 of 132 bytes failed: Only part of a ReadProcessMemory or WriteProcessMemory request was completed. (0x12B)
[0204/221516.174:ERROR:process_memory_win.cc(73)] ReadMemory at 0x1cbb70cb4f0 of 132 bytes failed: Only part of a ReadProcessMemory or WriteProcessMemory request was completed. (0x12B)
[0204/221516.174:ERROR:process_memory_win.cc(73)] ReadMemory at 0x1cbb70cb6c0 of 132 bytes failed: Only part of a ReadProcessMemory or WriteProcessMemory request was completed. (0x12B)
[0204/221516.174:ERROR:process_memory_win.cc(73)] ReadMemory at 0x1cbb70cb7f0 of 132 bytes failed: Only part of a ReadProcessMemory or WriteProcessMemory request was completed. (0x12B)
[0204/221516.174:ERROR:process_memory_win.cc(73)] ReadMemory at 0x1cbb70cc040 of 132 bytes failed: Only part of a ReadProcessMemory or WriteProcessMemory request was completed. (0x12B)
[0204/221516.174:ERROR:process_memory_win.cc(73)] ReadMemory at 0x1cbb70cc2a0 of 132 bytes failed: Only part of a ReadProcessMemory or WriteProcessMemory request was completed. (0x12B)
[0204/221516.174:ERROR:process_memory_win.cc(73)] ReadMemory at 0x1cbb70cc3d0 of 132 bytes failed: Only part of a ReadProcessMemory or WriteProcessMemory request was completed. (0x12B)
[0204/221516.174:ERROR:process_memory_win.cc(73)] ReadMemory at 0x1cbb70cc500 of 132 bytes failed: Only part of a ReadProcessMemory or WriteProcessMemory request was completed. (0x12B)
[0204/221516.174:ERROR:process_memory_win.cc(73)] ReadMemory at 0x1cbb70cc630 of 132 bytes failed: Only part of a ReadProcessMemory or WriteProcessMemory request was completed. (0x12B)
[0204/221516.174:ERROR:process_memory_win.cc(73)] ReadMemory at 0x1cbb70cc760 of 132 bytes failed: Only part of a ReadProcessMemory or WriteProcessMemory request was completed. (0x12B)
[0204/221516.174:ERROR:process_memory_win.cc(73)] ReadMemory at 0x1cbb70ccd50 of 132 bytes failed: Only part of a ReadProcessMemory or WriteProcessMemory request was completed. (0x12B)
[0204/221516.174:ERROR:process_memory_win.cc(73)] ReadMemory at 0x1cbb70cd610 of 512 bytes failed: Only part of a ReadProcessMemory or WriteProcessMemory request was completed. (0x12B)
[0204/221516.174:ERROR:process_memory_win.cc(73)] ReadMemory at 0x1cbb70e3b70 of 512 bytes failed: Only part of a ReadProcessMemory or WriteProcessMemory request was completed. (0x12B)
[0204/221516.174:ERROR:process_memory_win.cc(73)] ReadMemory at 0x1cbb74f60d0 of 512 bytes failed: Only part of a ReadProcessMemory or WriteProcessMemory request was completed. (0x12B)
[0204/221516.174:ERROR:process_memory_win.cc(73)] ReadMemory at 0x1cbb74f6910 of 512 bytes failed: Only part of a ReadProcessMemory or WriteProcessMemory request was completed. (0x12B)
[0204/221516.174:ERROR:process_memory_win.cc(73)] ReadMemory at 0x1cbb750a7e0 of 712 bytes failed: Only part of a ReadProcessMemory or WriteProcessMemory request was completed. (0x12B)
[0204/221516.174:ERROR:process_memory_win.cc(73)] ReadMemory at 0x1cbb751ce00 of 512 bytes failed: Only part of a ReadProcessMemory or WriteProcessMemory request was completed. (0x12B)
[0204/221516.174:ERROR:process_memory_win.cc(73)] ReadMemory at 0x1cbb7593798 of 512 bytes failed: Only part of a ReadProcessMemory or WriteProcessMemory request was completed. (0x12B)
[0204/221516.174:ERROR:process_memory_win.cc(73)] ReadMemory at 0x1cbbaeca678 of 512 bytes failed: Only part of a ReadProcessMemory or WriteProcessMemory request was completed. (0x12B)
[0204/221516.174:ERROR:process_memory_win.cc(73)] ReadMemory at 0x1cbbaecb3f8 of 512 bytes failed: Only part of a ReadProcessMemory or WriteProcessMemory request was completed. (0x12B)
[0204/221516.174:ERROR:process_memory_win.cc(73)] ReadMemory at 0x1cbbaee5f50 of 512 bytes failed: Only part of a ReadProcessMemory or WriteProcessMemory request was completed. (0x12B)
[0204/221516.174:ERROR:process_memory_win.cc(73)] ReadMemory at 0x1cbbaf03db0 of 512 bytes failed: Only part of a ReadProcessMemory or WriteProcessMemory request was completed. (0x12B)
[0204/221516.174:ERROR:process_memory_win.cc(73)] ReadMemory at 0x1cbbaf27bf0 of 512 bytes failed: Only part of a ReadProcessMemory or WriteProcessMemory request was completed. (0x12B)
[0204/221516.174:ERROR:process_memory_win.cc(73)] ReadMemory at 0x1cbbafe1370 of 528 bytes failed: Only part of a ReadProcessMemory or WriteProcessMemory request was completed. (0x12B)
[0204/221516.174:ERROR:process_memory_win.cc(73)] ReadMemory at 0x1cbbb006cf0 of 512 bytes failed: Only part of a ReadProcessMemory or WriteProcessMemory request was completed. (0x12B)
[0204/221516.174:ERROR:process_memory_win.cc(73)] ReadMemory at 0x1cbbb0b54b0 of 512 bytes failed: Only part of a ReadProcessMemory or WriteProcessMemory request was completed. (0x12B)
[0204/221516.174:ERROR:process_memory_win.cc(73)] ReadMemory at 0x1cbbb8efdc0 of 512 bytes failed: Only part of a ReadProcessMemory or WriteProcessMemory request was completed. (0x12B)
[0204/221516.174:ERROR:process_memory_win.cc(73)] ReadMemory at 0x1cbbb8f2238 of 512 bytes failed: Only part of a ReadProcessMemory or WriteProcessMemory request was completed. (0x12B)
[0204/221516.174:ERROR:process_memory_win.cc(73)] ReadMemory at 0x279855de3e18 of 512 bytes failed: Only part of a ReadProcessMemory or WriteProcessMemory request was completed. (0x12B)
[0204/221516.174:ERROR:process_memory_win.cc(73)] ReadMemory at 0x72474fa7a440 of 512 bytes failed: Only part of a ReadProcessMemory or WriteProcessMemory request was completed. (0x12B)
[0204/221516.174:ERROR:process_memory_win.cc(73)] ReadMemory at 0x76d1367753c0 of 512 bytes failed: Only part of a ReadProcessMemory or WriteProcessMemory request was completed. (0x12B)
[0204/221516.174:ERROR:process_memory_win.cc(73)] ReadMemory at 0x76d13bb602f0 of 512 bytes failed: Only part of a ReadProcessMemory or WriteProcessMemory request was completed. (0x12B)
[0204/221516.174:ERROR:process_memory_win.cc(73)] ReadMemory at 0x7a7f3dce4110 of 512 bytes failed: Only part of a ReadProcessMemory or WriteProcessMemory request was completed. (0x12B)
[0204/221516.174:ERROR:process_memory_win.cc(73)] ReadMemory at 0x7ffecdedc200 of 512 bytes failed: Only part of a ReadProcessMemory or WriteProcessMemory request was completed. (0x12B)
[0204/221516.178:ERROR:process_memory_win.cc(73)] ReadMemory at 0x7ffece0d92d0 of 512 bytes failed: Only part of a ReadProcessMemory or WriteProcessMemory request was completed. (0x12B)
[0204/221516.178:ERROR:process_memory_win.cc(73)] ReadMemory at 0x7ffecf16ca9a of 512 bytes failed: Only part of a ReadProcessMemory or WriteProcessMemory request was completed. (0x12B)
[0204/221516.178:ERROR:process_memory_win.cc(73)] ReadMemory at 0x7ffecf75aacc of 512 bytes failed: Only part of a ReadProcessMemory or WriteProcessMemory request was completed. (0x12B)
[0204/221516.178:ERROR:process_memory_win.cc(73)] ReadMemory at 0x7fff187f7c41 of 512 bytes failed: Only part of a ReadProcessMemory or WriteProcessMemory request was completed. (0x12B)
[0204/221516.178:ERROR:process_memory_win.cc(73)] ReadMemory at 0x7fff187f843a of 512 bytes failed: Only part of a ReadProcessMemory or WriteProcessMemory request was completed. (0x12B)
[0204/221516.178:ERROR:process_memory_win.cc(73)] ReadMemory at 0x7fff3a47ff00 of 512 bytes failed: Only part of a ReadProcessMemory or WriteProcessMemory request was completed. (0x12B)
[0204/221516.178:ERROR:process_memory_win.cc(73)] ReadMemory at 0x7fff3a4cf764 of 672 bytes failed: Only part of a ReadProcessMemory or WriteProcessMemory request was completed. (0x12B)
[0204/221516.178:ERROR:process_memory_win.cc(73)] ReadMemory at 0x7fff3a4d2ff4 of 608 bytes failed: Only part of a ReadProcessMemory or WriteProcessMemory request was completed. (0x12B)
[0204/221516.178:ERROR:process_memory_win.cc(73)] ReadMemory at 0x7fff3a55c0c8 of 18 bytes failed: Only part of a ReadProcessMemory or WriteProcessMemory request was completed. (0x12B)
[0204/221516.178:ERROR:process_memory_win.cc(73)] ReadMemory at 0x7fff3a58f4f8 of 40 bytes failed: Only part of a ReadProcessMemory or WriteProcessMemory request was completed. (0x12B)
[0204/221516.178:ERROR:process_memory_win.cc(73)] ReadMemory at 0x7fff3a58f978 of 48 bytes failed: Only part of a ReadProcessMemory or WriteProcessMemory request was completed. (0x12B)
[0204/221516.178:ERROR:process_memory_win.cc(73)] ReadMemory at 0x7fff3a5953a0 of 64 bytes failed: Only part of a ReadProcessMemory or WriteProcessMemory request was completed. (0x12B)
[0204/221516.326:ERROR:scoped_process_suspend.cc(40)] NtResumeProcess: An attempt was made to access an exiting process. (0xc000010a)
